[2026-06-11 08:25:36] === Bridge Poller 启动 (间隔 60s) ===
[2026-06-11 08:25:36] 检测到队列变化: 2 个待消费任务
[2026-06-11 08:25:36] TRIGGER: 队列有任务待消费，但 WorkBuddy CLI 未接入
[2026-06-11 08:35:37] 检测到队列变化: 0 个待消费任务
[2026-06-11 08:35:37] TRIGGER: 队列有任务待消费，但 WorkBuddy CLI 未接入
[2026-06-11 08:36:46] === Bridge Poller 启动 (间隔 60s) ===
[2026-06-11 08:37:46] 检测到队列变化: 0 个待消费任务
[2026-06-11 08:37:46] TRIGGER: 队列有任务待消费，但 WorkBuddy CLI 未接入
[2026-06-11 08:38:18] === Bridge Poller 启动 (间隔 60s) ===
[2026-06-11 09:28:25] 检测到 1 个待消费任务
[2026-06-11 09:28:25] TRIGGER: 队列有任务待消费，但 WorkBuddy CLI 未接入
[2026-06-11 10:03:27] 检测到 3 个待消费任务
[2026-06-11 10:03:27] TRIGGER: 队列有任务待消费，但 WorkBuddy CLI 未接入
[2026-06-11 11:03:37] 检测到 1 个待消费任务
[2026-06-11 11:03:37] TRIGGER: 队列有任务待消费，但 WorkBuddy CLI 未接入
[2026-06-11 12:14:14] === Bridge Poller 启动 (间隔 60s) ===
[2026-06-11 12:24:21] === Bridge Poller 启动 (间隔 60s) ===
[2026-06-11 12:25:15] 检测到 2 个待消费任务
[2026-06-11 12:25:15] TRIGGER: 队列有任务待消费，但 WorkBuddy CLI 未接入
[2026-06-11 12:26:50] 检测到 3 个待消费任务
[2026-06-11 12:26:50] TRIGGER: 队列有任务待消费，但 WorkBuddy CLI 未接入
[2026-06-11 13:02:00] 检测到 1 个待消费任务
[2026-06-11 13:02:00] TRIGGER: 队列有任务待消费，但 WorkBuddy CLI 未接入
[2026-06-11 13:04:00] 检测到 2 个待消费任务
[2026-06-11 13:04:00] TRIGGER: 队列有任务待消费，但 WorkBuddy CLI 未接入
[2026-06-11 14:04:10] 检测到 1 个待消费任务
[2026-06-11 14:04:10] TRIGGER: 队列有任务待消费，但 WorkBuddy CLI 未接入
[2026-06-11 14:11:11] 检测到 3 个待消费任务
[2026-06-11 14:11:11] TRIGGER: 队列有任务待消费，但 WorkBuddy CLI 未接入
[2026-06-12 14:25:17] 检测到 1 个待消费任务
[2026-06-12 14:25:17] TRIGGER: 队列有任务待消费，但 WorkBuddy CLI 未接入
[2026-06-12 14:27:17] 检测到 1 个待消费任务
[2026-06-12 14:27:17] TRIGGER: 队列有任务待消费，但 WorkBuddy CLI 未接入
[2026-06-15 08:20:45] 检测到 1 个待消费任务
[2026-06-15 08:20:45] TRIGGER: 队列有任务待消费，但 WorkBuddy CLI 未接入
[2026-06-15 09:11:51] 检测到 1 个待消费任务
[2026-06-15 09:11:51] TRIGGER: 队列有任务待消费，但 WorkBuddy CLI 未接入
[2026-06-15 09:45:55] 检测到 2 个待消费任务
[2026-06-15 09:45:55] TRIGGER: 队列有任务待消费，但 WorkBuddy CLI 未接入
[2026-06-15 10:03:56] 检测到 2 个待消费任务
[2026-06-15 10:03:56] TRIGGER: 队列有任务待消费，但 WorkBuddy CLI 未接入
[2026-06-15 11:00:11] 检测到 2 个待消费任务
[2026-06-15 11:00:12] TRIGGER: 队列有任务待消费，但 WorkBuddy CLI 未接入
[2026-06-15 11:10:03] === Bridge Poller 启动 (间隔 60s) ===
[2026-06-15 11:10:03] 脚本异常 (line 84, exit=1)
[2026-06-15 11:10:13] === Bridge Poller 启动 (间隔 60s) ===
[2026-06-15 11:10:13] 脚本异常 (line 84, exit=1)
[2026-06-15 11:10:23] === Bridge Poller 启动 (间隔 60s) ===
[2026-06-15 11:10:23] 脚本异常 (line 84, exit=1)
[2026-06-15 11:10:33] === Bridge Poller 启动 (间隔 60s) ===
[2026-06-15 11:10:33] 脚本异常 (line 84, exit=1)
[2026-06-15 11:10:43] === Bridge Poller 启动 (间隔 60s) ===
[2026-06-15 11:10:43] 脚本异常 (line 84, exit=1)
[2026-06-15 11:10:53] === Bridge Poller 启动 (间隔 60s) ===
[2026-06-15 11:10:53] 脚本异常 (line 84, exit=1)
[2026-06-15 11:11:03] === Bridge Poller 启动 (间隔 60s) ===
[2026-06-15 11:11:03] 脚本异常 (line 84, exit=1)
[2026-06-15 11:11:13] === Bridge Poller 启动 (间隔 60s) ===
[2026-06-15 11:11:13] 脚本异常 (line 84, exit=1)
[2026-06-15 11:11:20] === Bridge Poller 启动 (间隔 60s) ===
[2026-06-15 11:11:20] 脚本异常 (line 84, exit=1)
[2026-06-15 11:11:30] === Bridge Poller 启动 (间隔 60s) ===
[2026-06-15 11:11:30] 脚本异常 (line 84, exit=1)
[2026-06-15 11:11:36] === Bridge Poller 启动 (间隔 60s) ===
[2026-06-15 11:11:36] 脚本异常 (line 84, exit=1)
[2026-06-15 11:11:40] === Bridge Poller 启动 (间隔 60s) ===
[2026-06-15 11:11:40] 脚本异常 (line 84, exit=1)
[2026-06-15 11:11:51] === Bridge Poller 启动 (间隔 60s) ===
[2026-06-15 11:11:51] 脚本异常 (line 84, exit=1)
[2026-06-15 11:12:01] === Bridge Poller 启动 (间隔 60s) ===
[2026-06-15 11:12:01] 脚本异常 (line 84, exit=1)
[2026-06-15 11:12:11] === Bridge Poller 启动 (间隔 60s) ===
[2026-06-15 11:12:11] 脚本异常 (line 84, exit=1)
[2026-06-15 11:12:11] === Bridge Poller 启动 (间隔 60s) ===
[2026-06-15 11:12:11] 脚本异常 (line 84, exit=1)
[2026-06-15 11:12:21] === Bridge Poller 启动 (间隔 60s) ===
[2026-06-15 11:12:21] 脚本异常 (line 84, exit=1)
[2026-06-15 11:12:31] === Bridge Poller 启动 (间隔 60s) ===
[2026-06-15 11:12:31] 脚本异常 (line 84, exit=1)
[2026-06-15 11:12:41] === Bridge Poller 启动 (间隔 60s) ===
[2026-06-15 11:12:41] 脚本异常 (line 84, exit=1)
[2026-06-15 11:12:51] === Bridge Poller 启动 (间隔 60s) ===
[2026-06-15 11:12:51] 脚本异常 (line 84, exit=1)
[2026-06-15 11:13:01] === Bridge Poller 启动 (间隔 60s) ===
[2026-06-15 11:13:01] 脚本异常 (line 84, exit=1)
[2026-06-15 11:13:11] === Bridge Poller 启动 (间隔 60s) ===
[2026-06-15 11:13:11] 脚本异常 (line 84, exit=1)
[2026-06-15 11:13:21] === Bridge Poller 启动 (间隔 60s) ===
[2026-06-15 11:13:21] 脚本异常 (line 84, exit=1)
[2026-06-15 11:13:31] === Bridge Poller 启动 (间隔 60s) ===
[2026-06-15 11:13:31] 脚本异常 (line 84, exit=1)
[2026-06-15 11:13:41] === Bridge Poller 启动 (间隔 60s) ===
[2026-06-15 11:13:52] === Bridge Poller 启动 (间隔 60s) ===
[2026-06-15 11:55:56] 检测到 2 个待消费任务
[2026-06-15 11:55:56] TRIGGER: Consumer 脚本不可用 (/Users/guan/workbuddy_marvis_bridge/bridge/workbuddy_consumer.sh)，写入降级信号
[2026-06-15 13:47:17] 检测到 2 个待消费任务
[2026-06-15 13:47:17] TRIGGER: 启动 Bridge Consumer 消费 2 个任务
[2026-06-15 13:47:17] TRIGGER: Consumer 已后台启动 (PID: 25930)
[2026-06-15 13:47:17] === Bridge Consumer 启动 ===
[2026-06-15 13:47:17] ⚠️ 另一个 Consumer 实例正在运行，退出
[2026-06-15 14:43:26] 检测到 1 个待消费任务
[2026-06-15 14:43:26] TRIGGER: 启动 Bridge Consumer 消费 1 个任务
[2026-06-15 14:43:26] TRIGGER: Consumer 已后台启动 (PID: 39469)
[2026-06-15 14:43:26] === Bridge Consumer 启动 ===
[2026-06-15 14:43:26] ⚠️ 另一个 Consumer 实例正在运行，退出
[2026-06-16 07:21:39] === Bridge Poller 启动 (间隔 60s) ===
